Using pre-set license
Built from '2020.3/release' branch; Version is '2020.3.15f2 (6cf78cb77498) revision 7141260'; Using compiler version '192528614'; Build Type 'Release'
OS: 'Windows 10 Home; OS build 19044.1706; Version 2009; 64bit' Language: 'da' Physical Memory: 16171 MB
BatchMode: 1, IsHumanControllingUs: 0, StartBugReporterOnCrash: 0, Is64bit: 1, IsPro: 0

 COMMAND LINE ARGUMENTS:
C:\UnityProjects\2020.3.15f2\Editor\Unity.exe
-adb2
-batchMode
-noUpm
-name
AssetImportWorker0
-projectPath
C:/GitHub/ProjektDeckBuilder/ProjektDeckBuilder
-logFile
Logs/AssetImportWorker0.log
-srvPort
58221
Successfully changed project path to: C:/GitHub/ProjektDeckBuilder/ProjektDeckBuilder
C:/GitHub/ProjektDeckBuilder/ProjektDeckBuilder
Using Asset Import Pipeline V2.
Refreshing native plugins compatible for Editor in 69.37 ms, found 2 plugins.
Preloading 0 native plugins for Editor in 0.00 ms.
Initialize engine version: 2020.3.15f2 (6cf78cb77498)
[Subsystems] Discovering subsystems at path C:/UnityProjects/2020.3.15f2/Editor/Data/Resources/UnitySubsystems
[Subsystems] Discovering subsystems at path C:/GitHub/ProjektDeckBuilder/ProjektDeckBuilder/Assets
GfxDevice: creating device client; threaded=0
Direct3D:
    Version:  Direct3D 11.0 [level 11.1]
    Renderer: NVIDIA GeForce GTX 1650 Ti (ID=0x1f95)
    Vendor:   
    VRAM:     3962 MB
    Driver:   30.0.15.1277
Initialize mono
Mono path[0] = 'C:/UnityProjects/2020.3.15f2/Editor/Data/Managed'
Mono path[1] = 'C:/UnityProjects/2020.3.15f2/Editor/Data/MonoBleedingEdge/lib/mono/unityjit'
Mono config path = 'C:/UnityProjects/2020.3.15f2/Editor/Data/MonoBleedingEdge/etc'
Using monoOptions --debugger-agent=transport=dt_socket,embedding=1,server=y,suspend=n,address=127.0.0.1:56072
Begin MonoManager ReloadAssembly
Registering precompiled unity dll's ...
Register platform support module: C:/UnityProjects/2020.3.15f2/Editor/Data/PlaybackEngines/WindowsStandaloneSupport/UnityEditor.WindowsStandalone.Extensions.dll
Registered in 0.002273 seconds.
Native extension for WindowsStandalone target not found
Refreshing native plugins compatible for Editor in 49.40 ms, found 2 plugins.
Preloading 0 native plugins for Editor in 0.00 ms.
Mono: successfully reloaded assembly
- Completed reload, in  1.844 seconds
Domain Reload Profiling:
	ReloadAssembly (1844ms)
		BeginReloadAssembly (66ms)
			ExecutionOrderSort (0ms)
			DisableScriptedObjects (0ms)
			BackupInstance (0ms)
			ReleaseScriptingObjects (0ms)
			CreateAndSetChildDomain (1ms)
		EndReloadAssembly (784ms)
			LoadAssemblies (65ms)
			RebuildTransferFunctionScriptingTraits (0ms)
			SetupTypeCache (281ms)
			ReleaseScriptCaches (0ms)
			RebuildScriptCaches (73ms)
			SetupLoadedEditorAssemblies (266ms)
				LogAssemblyErrors (0ms)
				InitializePlatformSupportModulesInManaged (7ms)
				SetLoadedEditorAssemblies (0ms)
				RefreshPlugins (50ms)
				BeforeProcessingInitializeOnLoad (20ms)
				ProcessInitializeOnLoadAttributes (138ms)
				ProcessInitializeOnLoadMethodAttributes (51ms)
				AfterProcessingInitializeOnLoad (0ms)
				EditorAssembliesLoaded (0ms)
			ExecutionOrderSort2 (0ms)
			AwakeInstancesAfterBackupRestoration (0ms)
Platform modules already initialized, skipping
Registering precompiled user dll's ...
Registered in 0.005485 seconds.
Begin MonoManager ReloadAssembly
Symbol file data-0000020406538030 doesn't match image C:\GitHub\ProjektDeckBuilder\ProjektDeckBuilder\Library\ScriptAssemblies\Assembly-CSharp.dll
Symbol file LoadedFromMemory is not a mono symbol file
Symbol file data-000002040B80B030 doesn't match image C:\GitHub\ProjektDeckBuilder\ProjektDeckBuilder\Library\ScriptAssemblies\Unity.VSCode.Editor.dll
Symbol file LoadedFromMemory is not a mono symbol file
Symbol file data-0000020406538030 doesn't match image C:\GitHub\ProjektDeckBuilder\ProjektDeckBuilder\Library\ScriptAssemblies\Unity.VisualStudio.Editor.dll
Symbol file LoadedFromMemory is not a mono symbol file
Symbol file data-000002040A4D20E0 doesn't match image C:\GitHub\ProjektDeckBuilder\ProjektDeckBuilder\Library\ScriptAssemblies\UnityEngine.TestRunner.dll
Symbol file LoadedFromMemory is not a mono symbol file
Symbol file data-00000204064B1820 doesn't match image C:\GitHub\ProjektDeckBuilder\ProjektDeckBuilder\Library\ScriptAssemblies\UnityEditor.TestRunner.dll
Symbol file LoadedFromMemory is not a mono symbol file
Symbol file data-000002040A4E9AE0 doesn't match image C:\GitHub\ProjektDeckBuilder\ProjektDeckBuilder\Library\ScriptAssemblies\Unity.Rider.Editor.dll
Symbol file LoadedFromMemory is not a mono symbol file
Native extension for WindowsStandalone target not found
Refreshing native plugins compatible for Editor in 0.36 ms, found 2 plugins.
Preloading 0 native plugins for Editor in 0.00 ms.
Mono: successfully reloaded assembly
- Completed reload, in  1.692 seconds
Domain Reload Profiling:
	ReloadAssembly (1693ms)
		BeginReloadAssembly (248ms)
			ExecutionOrderSort (0ms)
			DisableScriptedObjects (4ms)
			BackupInstance (0ms)
			ReleaseScriptingObjects (0ms)
			CreateAndSetChildDomain (23ms)
		EndReloadAssembly (1279ms)
			LoadAssemblies (154ms)
			RebuildTransferFunctionScriptingTraits (0ms)
			SetupTypeCache (397ms)
			ReleaseScriptCaches (0ms)
			RebuildScriptCaches (52ms)
			SetupLoadedEditorAssemblies (576ms)
				LogAssemblyErrors (0ms)
				InitializePlatformSupportModulesInManaged (6ms)
				SetLoadedEditorAssemblies (1ms)
				RefreshPlugins (0ms)
				BeforeProcessingInitializeOnLoad (109ms)
				ProcessInitializeOnLoadAttributes (441ms)
				ProcessInitializeOnLoadMethodAttributes (8ms)
				AfterProcessingInitializeOnLoad (10ms)
				EditorAssembliesLoaded (0ms)
			ExecutionOrderSort2 (0ms)
			AwakeInstancesAfterBackupRestoration (11ms)
Platform modules already initialized, skipping
========================================================================
Worker process is ready to serve import requests
Launched and connected shader compiler UnityShaderCompiler.exe after 0.10 seconds
Refreshing native plugins compatible for Editor in 0.74 ms, found 2 plugins.
Preloading 0 native plugins for Editor in 0.00 ms.
Unloading 1457 Unused Serialized files (Serialized files now loaded: 0)
System memory in use before: 68.4 MB.
System memory in use after: 68.4 MB.

Unloading 19 unused Assets to reduce memory usage. Loaded Objects now: 1891.
Total: 4.169200 ms (FindLiveObjects: 0.337600 ms CreateObjectMapping: 0.215200 ms MarkObjects: 3.482000 ms  DeleteObjects: 0.132200 ms)

AssetImportParameters requested are different than current active one (requested -> active):
  custom:framework-win-MediaFoundation: 216162199b28c13a410421893ffa2e32 -> 
  custom:video-decoder-ogg-theora: a1e56fd34408186e4bbccfd4996cb3dc -> 
  custom:container-muxer-webm: aa71ff27fc2769a1b78a27578f13a17b -> 
  custom:container-demuxer-webm: 4f35f7cbe854078d1ac9338744f61a02 -> 
  custom:container-demuxer-ogg: 62fdf1f143b41e24485cea50d1cbac27 -> 
  custom:video-encoder-webm-vp8: eb34c28f22e8b96e1ab97ce403110664 -> 
  custom:video-codec-MediaFoundation-h265: 746d11721c4dcdbdad8f713fa42b33f4 -> 
  custom:video-decoder-webm-vp8: 9c59270c3fd7afecdb556c50c9e8de78 -> 
  custom:audio-decoder-ogg-vorbis: bf7c407c2cedff20999df2af8eb42d56 -> 
  custom:audio-encoder-webm-vorbis: bf7c407c2cedff20999df2af8eb42d56 -> 
========================================================================
Received Import Request.
  path: Assets/CardBackSide.psd
  artifactKey: Guid(5a62f2af9f29ac54ba760798656a1514) Importer(815301076,1909f56bfc062723c751e8b465ee728b)
Start importing Assets/CardBackSide.psd using Guid(5a62f2af9f29ac54ba760798656a1514) Importer(815301076,1909f56bfc062723c751e8b465ee728b)  -> (artifact id: '724b49e7dfc98225e8805f498cf3c32d') in 0.254569 seconds 
  Import took 0.258927 seconds .

========================================================================
Received Import Request.
  Time since last request: 7.916557 seconds.
  path: Assets/Prefabs
  artifactKey: Guid(f23e509743323904ab2cedd6077ac62c) Importer(815301076,1909f56bfc062723c751e8b465ee728b)
Start importing Assets/Prefabs using Guid(f23e509743323904ab2cedd6077ac62c) Importer(815301076,1909f56bfc062723c751e8b465ee728b)  -> (artifact id: '2d4490dfa348332e64401094cde877b2') in 0.011027 seconds 
  Import took 0.014380 seconds .

========================================================================
Received Import Request.
  Time since last request: 0.001068 seconds.
  path: Assets/Prefabs
  artifactKey: Guid(f23e509743323904ab2cedd6077ac62c) Importer(815301076,1909f56bfc062723c751e8b465ee728b)
Start importing Assets/Prefabs using Guid(f23e509743323904ab2cedd6077ac62c) Importer(815301076,1909f56bfc062723c751e8b465ee728b)  -> (artifact id: '2d4490dfa348332e64401094cde877b2') in 0.003933 seconds 
  Import took 0.008032 seconds .

========================================================================
Received Import Request.
  Time since last request: 0.030808 seconds.
  path: Assets/Prefabs/Card.prefab
  artifactKey: Guid(24713d78d5a21f6438b095cf04490fe4) Importer(815301076,1909f56bfc062723c751e8b465ee728b)
Start importing Assets/Prefabs/Card.prefab using Guid(24713d78d5a21f6438b095cf04490fe4) Importer(815301076,1909f56bfc062723c751e8b465ee728b)  -> (artifact id: '630019b130829a5bca52106a236ef041') in 0.091153 seconds 
  Import took 0.095000 seconds .

========================================================================
Received Import Request.
  Time since last request: 0.547135 seconds.
  path: Assets/Prefabs/CardInHand.prefab
  artifactKey: Guid(771bd996f3cf9b84ea00a9dc669fe65b) Importer(815301076,1909f56bfc062723c751e8b465ee728b)
Start importing Assets/Prefabs/CardInHand.prefab using Guid(771bd996f3cf9b84ea00a9dc669fe65b) Importer(815301076,1909f56bfc062723c751e8b465ee728b)  -> (artifact id: 'e746aa617c7cc22a0cb60376da4e3a49') in 0.007807 seconds 
  Import took 0.011830 seconds .

========================================================================
Received Import Request.
  Time since last request: 24.835301 seconds.
  path: Assets/Prefabs/Card Variant.prefab
  artifactKey: Guid(3ea61e175203cf241bd3883a48db2d81) Importer(815301076,1909f56bfc062723c751e8b465ee728b)
Start importing Assets/Prefabs/Card Variant.prefab using Guid(3ea61e175203cf241bd3883a48db2d81) Importer(815301076,1909f56bfc062723c751e8b465ee728b)  -> (artifact id: 'c4709ca223b0c17b980d58c4f0c69067') in 0.039675 seconds 
  Import took 0.044000 seconds .

========================================================================
Received Import Request.
  Time since last request: 21.937363 seconds.
  path: Assets/Prefabs/Card 1.prefab
  artifactKey: Guid(67eb252da9e452f44b676fa20e81e811) Importer(815301076,1909f56bfc062723c751e8b465ee728b)
Start importing Assets/Prefabs/Card 1.prefab using Guid(67eb252da9e452f44b676fa20e81e811) Importer(815301076,1909f56bfc062723c751e8b465ee728b)  -> (artifact id: '5fbb6f5915f577f2e00633591509ddde') in 0.042258 seconds 
  Import took 0.047291 seconds .

========================================================================
Received Import Request.
  Time since last request: 6.258359 seconds.
  path: Assets/Prefabs/CardInHand.prefab
  artifactKey: Guid(67eb252da9e452f44b676fa20e81e811) Importer(815301076,1909f56bfc062723c751e8b465ee728b)
Start importing Assets/Prefabs/CardInHand.prefab using Guid(67eb252da9e452f44b676fa20e81e811) Importer(815301076,1909f56bfc062723c751e8b465ee728b)  -> (artifact id: '71e5e771cabb5120fcb6981d4a225377') in 0.030042 seconds 
  Import took 0.033440 seconds .

========================================================================
Received Import Request.
  Time since last request: 24.162868 seconds.
  path: Assets/Scripts
  artifactKey: Guid(6da5232992e3b2d44a8fdb5a3ac2fef8) Importer(815301076,1909f56bfc062723c751e8b465ee728b)
Start importing Assets/Scripts using Guid(6da5232992e3b2d44a8fdb5a3ac2fef8) Importer(815301076,1909f56bfc062723c751e8b465ee728b)  -> (artifact id: 'd31910a7b552b0f66b7d4af8e7b2c554') in 0.007041 seconds 
  Import took 0.010803 seconds .

========================================================================
Received Import Request.
  Time since last request: 0.000449 seconds.
  path: Assets/Scripts
  artifactKey: Guid(6da5232992e3b2d44a8fdb5a3ac2fef8) Importer(815301076,1909f56bfc062723c751e8b465ee728b)
Start importing Assets/Scripts using Guid(6da5232992e3b2d44a8fdb5a3ac2fef8) Importer(815301076,1909f56bfc062723c751e8b465ee728b)  -> (artifact id: 'd31910a7b552b0f66b7d4af8e7b2c554') in 0.002623 seconds 
  Import took 0.004992 seconds .

========================================================================
Received Import Request.
  Time since last request: 2.195461 seconds.
  path: Assets/Scripts/ThisCard.cs
  artifactKey: Guid(9100d9a07a11af340aec2fe66e65d611) Importer(815301076,1909f56bfc062723c751e8b465ee728b)
Start importing Assets/Scripts/ThisCard.cs using Guid(9100d9a07a11af340aec2fe66e65d611) Importer(815301076,1909f56bfc062723c751e8b465ee728b)  -> (artifact id: '808aca4a44c31d983fba6c32b7b55ff7') in 0.020153 seconds 
  Import took 0.022818 seconds .

========================================================================
Received Import Request.
  Time since last request: 0.003059 seconds.
  path: Assets/Scripts/ThisCard.cs
  artifactKey: Guid(9100d9a07a11af340aec2fe66e65d611) Importer(815301076,1909f56bfc062723c751e8b465ee728b)
Start importing Assets/Scripts/ThisCard.cs using Guid(9100d9a07a11af340aec2fe66e65d611) Importer(815301076,1909f56bfc062723c751e8b465ee728b)  -> (artifact id: '808aca4a44c31d983fba6c32b7b55ff7') in 0.003008 seconds 
  Import took 0.005998 seconds .

========================================================================
Received Import Request.
  Time since last request: 0.330264 seconds.
  path: Assets/Scripts/TurnSystem.cs
  artifactKey: Guid(9e852b5458bcaa04abb2ae80268c0569) Importer(815301076,1909f56bfc062723c751e8b465ee728b)
Start importing Assets/Scripts/TurnSystem.cs using Guid(9e852b5458bcaa04abb2ae80268c0569) Importer(815301076,1909f56bfc062723c751e8b465ee728b)  -> (artifact id: 'aba88ee191640fc4e326014b0a35d80a') in 0.006677 seconds 
  Import took 0.009544 seconds .

========================================================================
Received Import Request.
  Time since last request: 77.176835 seconds.
  path: Assets/Scripts/Extra.cs
  artifactKey: Guid(9e852b5458bcaa04abb2ae80268c0569) Importer(815301076,1909f56bfc062723c751e8b465ee728b)
Start importing Assets/Scripts/Extra.cs using Guid(9e852b5458bcaa04abb2ae80268c0569) Importer(815301076,1909f56bfc062723c751e8b465ee728b)  -> (artifact id: '3eb8706003e43b479015fabfeb71851c') in 0.007518 seconds 
  Import took 0.011425 seconds .

========================================================================
Received Import Request.
  Time since last request: 5.596828 seconds.
  path: Assets/Scripts/TurnSysten.cs
  artifactKey: Guid(db2a19862373ff940b305078a2735f69) Importer(815301076,1909f56bfc062723c751e8b465ee728b)
Start importing Assets/Scripts/TurnSysten.cs using Guid(db2a19862373ff940b305078a2735f69) Importer(815301076,1909f56bfc062723c751e8b465ee728b)  -> (artifact id: '9c7a805e53c662b69c970b39c78ed9ec') in 0.011586 seconds 
  Import took 0.016102 seconds .

========================================================================
Received Import Request.
  Time since last request: 9.672057 seconds.
  path: Assets/Scripts/TurnSystem.cs
  artifactKey: Guid(d13dc5eb7b85097489f329eb3a6ae690) Importer(815301076,1909f56bfc062723c751e8b465ee728b)
Start importing Assets/Scripts/TurnSystem.cs using Guid(d13dc5eb7b85097489f329eb3a6ae690) Importer(815301076,1909f56bfc062723c751e8b465ee728b)  -> (artifact id: '0606d1e627358601d00178ba48ba5e66') in 0.008300 seconds 
  Import took 0.011655 seconds .

========================================================================
Received Import Request.
  Time since last request: 11.374686 seconds.
  path: Assets/Scripts/CardToHand.cs
  artifactKey: Guid(f9729e199b4253b468f71d123a52b0e9) Importer(815301076,1909f56bfc062723c751e8b465ee728b)
Start importing Assets/Scripts/CardToHand.cs using Guid(f9729e199b4253b468f71d123a52b0e9) Importer(815301076,1909f56bfc062723c751e8b465ee728b)  -> (artifact id: '436e218e0887b9caef3ccc38c6bb45e0') in 0.006975 seconds 
  Import took 0.010246 seconds .

========================================================================
Received Import Request.
  Time since last request: 33.530922 seconds.
  path: Assets/Scripts/TurnSystem.cs
  artifactKey: Guid(d13dc5eb7b85097489f329eb3a6ae690) Importer(815301076,1909f56bfc062723c751e8b465ee728b)
Start importing Assets/Scripts/TurnSystem.cs using Guid(d13dc5eb7b85097489f329eb3a6ae690) Importer(815301076,1909f56bfc062723c751e8b465ee728b)  -> (artifact id: '5ab540ebd517ddc683d53af6b63d82bc') in 0.002814 seconds 
  Import took 0.006281 seconds .

========================================================================
Received Import Request.
  Time since last request: 0.000349 seconds.
  path: Assets/Scripts/TurnSystem.cs
  artifactKey: Guid(d13dc5eb7b85097489f329eb3a6ae690) Importer(815301076,1909f56bfc062723c751e8b465ee728b)
Start importing Assets/Scripts/TurnSystem.cs using Guid(d13dc5eb7b85097489f329eb3a6ae690) Importer(815301076,1909f56bfc062723c751e8b465ee728b)  -> (artifact id: '5ab540ebd517ddc683d53af6b63d82bc') in 0.002851 seconds 
  Import took 0.006027 seconds .

========================================================================
Received Import Request.
  Time since last request: 3.550809 seconds.
  path: Assets/Scripts/PlayerDeck.cs
  artifactKey: Guid(f3b3074b63fbb464da65f73501dfb274) Importer(815301076,1909f56bfc062723c751e8b465ee728b)
Start importing Assets/Scripts/PlayerDeck.cs using Guid(f3b3074b63fbb464da65f73501dfb274) Importer(815301076,1909f56bfc062723c751e8b465ee728b)  -> (artifact id: '797847bdf15b6b1a5b133c20cdb50957') in 0.008504 seconds 
  Import took 0.011336 seconds .

========================================================================
Received Import Request.
  Time since last request: 3.755094 seconds.
  path: Assets/Scripts/CardMaterial.cs
  artifactKey: Guid(428936d8d50b41349ac742654589f910) Importer(815301076,1909f56bfc062723c751e8b465ee728b)
Start importing Assets/Scripts/CardMaterial.cs using Guid(428936d8d50b41349ac742654589f910) Importer(815301076,1909f56bfc062723c751e8b465ee728b)  -> (artifact id: '6566a7f200defdbf6c9a568bf9b9c365') in 0.006217 seconds 
  Import took 0.009421 seconds .

========================================================================
Received Import Request.
  Time since last request: 1.104755 seconds.
  path: Assets/Scripts/CardDataBase.cs
  artifactKey: Guid(a3f75c401f61ec743a4415a64c3d6efa) Importer(815301076,1909f56bfc062723c751e8b465ee728b)
Start importing Assets/Scripts/CardDataBase.cs using Guid(a3f75c401f61ec743a4415a64c3d6efa) Importer(815301076,1909f56bfc062723c751e8b465ee728b)  -> (artifact id: 'e8df3e445b9f1ef51b10bd425aa3e3a2') in 0.007047 seconds 
  Import took 0.010323 seconds .

========================================================================
Received Import Request.
  Time since last request: 2.008227 seconds.
  path: Assets/Scripts/Card.cs
  artifactKey: Guid(3df42ab3dbdee5a4ca581c378330d31d) Importer(815301076,1909f56bfc062723c751e8b465ee728b)
Start importing Assets/Scripts/Card.cs using Guid(3df42ab3dbdee5a4ca581c378330d31d) Importer(815301076,1909f56bfc062723c751e8b465ee728b)  -> (artifact id: '45acb7685eca3ace727c5ac867ccd83d') in 0.002781 seconds 
  Import took 0.006422 seconds .

========================================================================
Received Prepare
Registering precompiled user dll's ...
Registered in 0.004622 seconds.
Begin MonoManager ReloadAssembly
Symbol file data-000002040654C9B0 doesn't match image C:\GitHub\ProjektDeckBuilder\ProjektDeckBuilder\Library\ScriptAssemblies\Unity.VSCode.Editor.dll
Symbol file LoadedFromMemory is not a mono symbol file
Symbol file data-0000020405B5E5F0 doesn't match image C:\GitHub\ProjektDeckBuilder\ProjektDeckBuilder\Library\ScriptAssemblies\Unity.VisualStudio.Editor.dll
Symbol file LoadedFromMemory is not a mono symbol file
Symbol file data-0000020405EC58D0 doesn't match image C:\GitHub\ProjektDeckBuilder\ProjektDeckBuilder\Library\ScriptAssemblies\UnityEngine.TestRunner.dll
Symbol file LoadedFromMemory is not a mono symbol file
Symbol file data-00000204061709B0 doesn't match image C:\GitHub\ProjektDeckBuilder\ProjektDeckBuilder\Library\ScriptAssemblies\UnityEditor.TestRunner.dll
Symbol file LoadedFromMemory is not a mono symbol file
Symbol file data-000002040C4D9040 doesn't match image C:\GitHub\ProjektDeckBuilder\ProjektDeckBuilder\Library\ScriptAssemblies\Unity.Rider.Editor.dll
Symbol file LoadedFromMemory is not a mono symbol file
Native extension for WindowsStandalone target not found
Refreshing native plugins compatible for Editor in 0.40 ms, found 2 plugins.
Preloading 0 native plugins for Editor in 0.00 ms.
Mono: successfully reloaded assembly
- Completed reload, in  1.024 seconds
Domain Reload Profiling:
	ReloadAssembly (1025ms)
		BeginReloadAssembly (126ms)
			ExecutionOrderSort (0ms)
			DisableScriptedObjects (6ms)
			BackupInstance (0ms)
			ReleaseScriptingObjects (0ms)
			CreateAndSetChildDomain (37ms)
		EndReloadAssembly (821ms)
			LoadAssemblies (82ms)
			RebuildTransferFunctionScriptingTraits (0ms)
			SetupTypeCache (275ms)
			ReleaseScriptCaches (1ms)
			RebuildScriptCaches (39ms)
			SetupLoadedEditorAssemblies (330ms)
				LogAssemblyErrors (0ms)
				InitializePlatformSupportModulesInManaged (5ms)
				SetLoadedEditorAssemblies (0ms)
				RefreshPlugins (0ms)
				BeforeProcessingInitializeOnLoad (70ms)
				ProcessInitializeOnLoadAttributes (243ms)
				ProcessInitializeOnLoadMethodAttributes (4ms)
				AfterProcessingInitializeOnLoad (6ms)
				EditorAssembliesLoaded (0ms)
			ExecutionOrderSort2 (0ms)
			AwakeInstancesAfterBackupRestoration (6ms)
Platform modules already initialized, skipping
Refreshing native plugins compatible for Editor in 0.38 ms, found 2 plugins.
Preloading 0 native plugins for Editor in 0.00 ms.
Unloading 1439 Unused Serialized files (Serialized files now loaded: 0)
System memory in use before: 70.2 MB.
System memory in use after: 70.3 MB.

Unloading 16 unused Assets to reduce memory usage. Loaded Objects now: 1900.
Total: 2.775600 ms (FindLiveObjects: 0.284900 ms CreateObjectMapping: 0.084300 ms MarkObjects: 2.327300 ms  DeleteObjects: 0.077300 ms)

AssetImportParameters requested are different than current active one (requested -> active):
  custom:framework-win-MediaFoundation: 216162199b28c13a410421893ffa2e32 -> 
  custom:video-decoder-ogg-theora: a1e56fd34408186e4bbccfd4996cb3dc -> 
  custom:container-muxer-webm: aa71ff27fc2769a1b78a27578f13a17b -> 
  custom:container-demuxer-webm: 4f35f7cbe854078d1ac9338744f61a02 -> 
  custom:container-demuxer-ogg: 62fdf1f143b41e24485cea50d1cbac27 -> 
  custom:video-encoder-webm-vp8: eb34c28f22e8b96e1ab97ce403110664 -> 
  custom:video-codec-MediaFoundation-h265: 746d11721c4dcdbdad8f713fa42b33f4 -> 
  custom:video-decoder-webm-vp8: 9c59270c3fd7afecdb556c50c9e8de78 -> 
  custom:audio-decoder-ogg-vorbis: bf7c407c2cedff20999df2af8eb42d56 -> 
  custom:audio-encoder-webm-vorbis: bf7c407c2cedff20999df2af8eb42d56 -> 
========================================================================
Received Prepare
Registering precompiled user dll's ...
Registered in 0.003266 seconds.
Begin MonoManager ReloadAssembly
Symbol file data-0000020405F1EA00 doesn't match image C:\GitHub\ProjektDeckBuilder\ProjektDeckBuilder\Library\ScriptAssemblies\Unity.VSCode.Editor.dll
Symbol file LoadedFromMemory is not a mono symbol file
Symbol file data-000002040EBA7D80 doesn't match image C:\GitHub\ProjektDeckBuilder\ProjektDeckBuilder\Library\ScriptAssemblies\Unity.VisualStudio.Editor.dll
Symbol file LoadedFromMemory is not a mono symbol file
Symbol file data-000002040E20F030 doesn't match image C:\GitHub\ProjektDeckBuilder\ProjektDeckBuilder\Library\ScriptAssemblies\UnityEngine.TestRunner.dll
Symbol file LoadedFromMemory is not a mono symbol file
Symbol file data-000002040DB34030 doesn't match image C:\GitHub\ProjektDeckBuilder\ProjektDeckBuilder\Library\ScriptAssemblies\UnityEditor.TestRunner.dll
Symbol file LoadedFromMemory is not a mono symbol file
Symbol file data-000002040C4D9040 doesn't match image C:\GitHub\ProjektDeckBuilder\ProjektDeckBuilder\Library\ScriptAssemblies\Unity.Rider.Editor.dll
Symbol file LoadedFromMemory is not a mono symbol file
Native extension for WindowsStandalone target not found
Refreshing native plugins compatible for Editor in 0.32 ms, found 2 plugins.
Preloading 0 native plugins for Editor in 0.00 ms.
Mono: successfully reloaded assembly
- Completed reload, in  0.970 seconds
Domain Reload Profiling:
	ReloadAssembly (970ms)
		BeginReloadAssembly (108ms)
			ExecutionOrderSort (0ms)
			DisableScriptedObjects (4ms)
			BackupInstance (0ms)
			ReleaseScriptingObjects (0ms)
			CreateAndSetChildDomain (35ms)
		EndReloadAssembly (797ms)
			LoadAssemblies (78ms)
			RebuildTransferFunctionScriptingTraits (0ms)
			SetupTypeCache (270ms)
			ReleaseScriptCaches (1ms)
			RebuildScriptCaches (48ms)
			SetupLoadedEditorAssemblies (314ms)
				LogAssemblyErrors (0ms)
				InitializePlatformSupportModulesInManaged (5ms)
				SetLoadedEditorAssemblies (0ms)
				RefreshPlugins (0ms)
				BeforeProcessingInitializeOnLoad (66ms)
				ProcessInitializeOnLoadAttributes (232ms)
				ProcessInitializeOnLoadMethodAttributes (4ms)
				AfterProcessingInitializeOnLoad (6ms)
				EditorAssembliesLoaded (0ms)
			ExecutionOrderSort2 (0ms)
			AwakeInstancesAfterBackupRestoration (6ms)
Platform modules already initialized, skipping
Refreshing native plugins compatible for Editor in 0.46 ms, found 2 plugins.
Preloading 0 native plugins for Editor in 0.00 ms.
Unloading 1439 Unused Serialized files (Serialized files now loaded: 0)
System memory in use before: 70.3 MB.
System memory in use after: 70.3 MB.

Unloading 14 unused Assets to reduce memory usage. Loaded Objects now: 1903.
Total: 1.978600 ms (FindLiveObjects: 0.156000 ms CreateObjectMapping: 0.050500 ms MarkObjects: 1.717300 ms  DeleteObjects: 0.053700 ms)

AssetImportParameters requested are different than current active one (requested -> active):
  custom:framework-win-MediaFoundation: 216162199b28c13a410421893ffa2e32 -> 
  custom:video-decoder-ogg-theora: a1e56fd34408186e4bbccfd4996cb3dc -> 
  custom:container-muxer-webm: aa71ff27fc2769a1b78a27578f13a17b -> 
  custom:container-demuxer-webm: 4f35f7cbe854078d1ac9338744f61a02 -> 
  custom:container-demuxer-ogg: 62fdf1f143b41e24485cea50d1cbac27 -> 
  custom:video-encoder-webm-vp8: eb34c28f22e8b96e1ab97ce403110664 -> 
  custom:video-codec-MediaFoundation-h265: 746d11721c4dcdbdad8f713fa42b33f4 -> 
  custom:video-decoder-webm-vp8: 9c59270c3fd7afecdb556c50c9e8de78 -> 
  custom:audio-decoder-ogg-vorbis: bf7c407c2cedff20999df2af8eb42d56 -> 
  custom:audio-encoder-webm-vorbis: bf7c407c2cedff20999df2af8eb42d56 -> 
========================================================================
Received Import Request.
  Time since last request: 60.497795 seconds.
  path: Assets/Prefabs/CardInHand.prefab
  artifactKey: Guid(67eb252da9e452f44b676fa20e81e811) Importer(815301076,1909f56bfc062723c751e8b465ee728b)
Start importing Assets/Prefabs/CardInHand.prefab using Guid(67eb252da9e452f44b676fa20e81e811) Importer(815301076,1909f56bfc062723c751e8b465ee728b)  -> (artifact id: '335cfe0f1d1db3e43ae0414d5de1d7fb') in 0.071900 seconds 
  Import took 0.074214 seconds .

========================================================================
Received Prepare
Registering precompiled user dll's ...
Registered in 0.005582 seconds.
Begin MonoManager ReloadAssembly
Symbol file data-000002040EB2B4B0 doesn't match image C:\GitHub\ProjektDeckBuilder\ProjektDeckBuilder\Library\ScriptAssemblies\Unity.VSCode.Editor.dll
Symbol file LoadedFromMemory is not a mono symbol file
Symbol file data-000002040E17A550 doesn't match image C:\GitHub\ProjektDeckBuilder\ProjektDeckBuilder\Library\ScriptAssemblies\Unity.VisualStudio.Editor.dll
Symbol file LoadedFromMemory is not a mono symbol file
Symbol file data-0000020405EC58D0 doesn't match image C:\GitHub\ProjektDeckBuilder\ProjektDeckBuilder\Library\ScriptAssemblies\UnityEngine.TestRunner.dll
Symbol file LoadedFromMemory is not a mono symbol file
Symbol file data-00000204061709B0 doesn't match image C:\GitHub\ProjektDeckBuilder\ProjektDeckBuilder\Library\ScriptAssemblies\UnityEditor.TestRunner.dll
Symbol file LoadedFromMemory is not a mono symbol file
Symbol file data-000002040E5D9B00 doesn't match image C:\GitHub\ProjektDeckBuilder\ProjektDeckBuilder\Library\ScriptAssemblies\Unity.Rider.Editor.dll
Symbol file LoadedFromMemory is not a mono symbol file
Native extension for WindowsStandalone target not found
Refreshing native plugins compatible for Editor in 0.43 ms, found 2 plugins.
Preloading 0 native plugins for Editor in 0.00 ms.
Mono: successfully reloaded assembly
- Completed reload, in  1.633 seconds
Domain Reload Profiling:
	ReloadAssembly (1639ms)
		BeginReloadAssembly (218ms)
			ExecutionOrderSort (0ms)
			DisableScriptedObjects (30ms)
			BackupInstance (0ms)
			ReleaseScriptingObjects (0ms)
			CreateAndSetChildDomain (64ms)
		EndReloadAssembly (1326ms)
			LoadAssemblies (133ms)
			RebuildTransferFunctionScriptingTraits (0ms)
			SetupTypeCache (451ms)
			ReleaseScriptCaches (1ms)
			RebuildScriptCaches (56ms)
			SetupLoadedEditorAssemblies (555ms)
				LogAssemblyErrors (0ms)
				InitializePlatformSupportModulesInManaged (8ms)
				SetLoadedEditorAssemblies (1ms)
				RefreshPlugins (1ms)
				BeforeProcessingInitializeOnLoad (137ms)
				ProcessInitializeOnLoadAttributes (393ms)
				ProcessInitializeOnLoadMethodAttributes (7ms)
				AfterProcessingInitializeOnLoad (8ms)
				EditorAssembliesLoaded (0ms)
			ExecutionOrderSort2 (0ms)
			AwakeInstancesAfterBackupRestoration (10ms)
Platform modules already initialized, skipping
Refreshing native plugins compatible for Editor in 0.36 ms, found 2 plugins.
Preloading 0 native plugins for Editor in 0.00 ms.
Unloading 1439 Unused Serialized files (Serialized files now loaded: 0)
System memory in use before: 70.3 MB.
System memory in use after: 70.4 MB.

Unloading 15 unused Assets to reduce memory usage. Loaded Objects now: 1906.
Total: 2.107600 ms (FindLiveObjects: 0.160800 ms CreateObjectMapping: 0.054200 ms MarkObjects: 1.816900 ms  DeleteObjects: 0.074500 ms)

AssetImportParameters requested are different than current active one (requested -> active):
  custom:framework-win-MediaFoundation: 216162199b28c13a410421893ffa2e32 -> 
  custom:video-decoder-ogg-theora: a1e56fd34408186e4bbccfd4996cb3dc -> 
  custom:container-muxer-webm: aa71ff27fc2769a1b78a27578f13a17b -> 
  custom:container-demuxer-webm: 4f35f7cbe854078d1ac9338744f61a02 -> 
  custom:container-demuxer-ogg: 62fdf1f143b41e24485cea50d1cbac27 -> 
  custom:video-encoder-webm-vp8: eb34c28f22e8b96e1ab97ce403110664 -> 
  custom:video-codec-MediaFoundation-h265: 746d11721c4dcdbdad8f713fa42b33f4 -> 
  custom:video-decoder-webm-vp8: 9c59270c3fd7afecdb556c50c9e8de78 -> 
  custom:audio-decoder-ogg-vorbis: bf7c407c2cedff20999df2af8eb42d56 -> 
  custom:audio-encoder-webm-vorbis: bf7c407c2cedff20999df2af8eb42d56 -> 
========================================================================
Received Prepare
Registering precompiled user dll's ...
Registered in 0.003220 seconds.
Begin MonoManager ReloadAssembly
Symbol file data-000002040E5D7030 doesn't match image C:\GitHub\ProjektDeckBuilder\ProjektDeckBuilder\Library\ScriptAssemblies\Unity.VSCode.Editor.dll
Symbol file LoadedFromMemory is not a mono symbol file
Symbol file data-000002040EF00060 doesn't match image C:\GitHub\ProjektDeckBuilder\ProjektDeckBuilder\Library\ScriptAssemblies\Unity.VisualStudio.Editor.dll
Symbol file LoadedFromMemory is not a mono symbol file
Symbol file data-000002040E32C010 doesn't match image C:\GitHub\ProjektDeckBuilder\ProjektDeckBuilder\Library\ScriptAssemblies\UnityEngine.TestRunner.dll
Symbol file LoadedFromMemory is not a mono symbol file
Symbol file data-000002040E8F0430 doesn't match image C:\GitHub\ProjektDeckBuilder\ProjektDeckBuilder\Library\ScriptAssemblies\UnityEditor.TestRunner.dll
Symbol file LoadedFromMemory is not a mono symbol file
Symbol file data-000002040D804010 doesn't match image C:\GitHub\ProjektDeckBuilder\ProjektDeckBuilder\Library\ScriptAssemblies\Unity.Rider.Editor.dll
Symbol file LoadedFromMemory is not a mono symbol file
Native extension for WindowsStandalone target not found
Refreshing native plugins compatible for Editor in 0.32 ms, found 2 plugins.
Preloading 0 native plugins for Editor in 0.00 ms.
Mono: successfully reloaded assembly
- Completed reload, in  0.969 seconds
Domain Reload Profiling:
	ReloadAssembly (969ms)
		BeginReloadAssembly (105ms)
			ExecutionOrderSort (0ms)
			DisableScriptedObjects (4ms)
			BackupInstance (0ms)
			ReleaseScriptingObjects (0ms)
			CreateAndSetChildDomain (27ms)
		EndReloadAssembly (805ms)
			LoadAssemblies (74ms)
			RebuildTransferFunctionScriptingTraits (0ms)
			SetupTypeCache (258ms)
			ReleaseScriptCaches (1ms)
			RebuildScriptCaches (37ms)
			SetupLoadedEditorAssemblies (336ms)
				LogAssemblyErrors (0ms)
				InitializePlatformSupportModulesInManaged (5ms)
				SetLoadedEditorAssemblies (0ms)
				RefreshPlugins (0ms)
				BeforeProcessingInitializeOnLoad (67ms)
				ProcessInitializeOnLoadAttributes (252ms)
				ProcessInitializeOnLoadMethodAttributes (5ms)
				AfterProcessingInitializeOnLoad (6ms)
				EditorAssembliesLoaded (0ms)
			ExecutionOrderSort2 (0ms)
			AwakeInstancesAfterBackupRestoration (7ms)
Platform modules already initialized, skipping
Refreshing native plugins compatible for Editor in 0.34 ms, found 2 plugins.
Preloading 0 native plugins for Editor in 0.00 ms.
Unloading 1439 Unused Serialized files (Serialized files now loaded: 0)
System memory in use before: 70.3 MB.
System memory in use after: 70.4 MB.

Unloading 14 unused Assets to reduce memory usage. Loaded Objects now: 1909.
Total: 2.222600 ms (FindLiveObjects: 0.194400 ms CreateObjectMapping: 0.062100 ms MarkObjects: 1.910900 ms  DeleteObjects: 0.053800 ms)

AssetImportParameters requested are different than current active one (requested -> active):
  custom:framework-win-MediaFoundation: 216162199b28c13a410421893ffa2e32 -> 
  custom:video-decoder-ogg-theora: a1e56fd34408186e4bbccfd4996cb3dc -> 
  custom:container-muxer-webm: aa71ff27fc2769a1b78a27578f13a17b -> 
  custom:container-demuxer-webm: 4f35f7cbe854078d1ac9338744f61a02 -> 
  custom:container-demuxer-ogg: 62fdf1f143b41e24485cea50d1cbac27 -> 
  custom:video-encoder-webm-vp8: eb34c28f22e8b96e1ab97ce403110664 -> 
  custom:video-codec-MediaFoundation-h265: 746d11721c4dcdbdad8f713fa42b33f4 -> 
  custom:video-decoder-webm-vp8: 9c59270c3fd7afecdb556c50c9e8de78 -> 
  custom:audio-decoder-ogg-vorbis: bf7c407c2cedff20999df2af8eb42d56 -> 
  custom:audio-encoder-webm-vorbis: bf7c407c2cedff20999df2af8eb42d56 -> 
========================================================================
Received Prepare
Registering precompiled user dll's ...
Registered in 0.004182 seconds.
Begin MonoManager ReloadAssembly
Symbol file data-000002040614BE40 doesn't match image C:\GitHub\ProjektDeckBuilder\ProjektDeckBuilder\Library\ScriptAssemblies\Unity.VSCode.Editor.dll
Symbol file LoadedFromMemory is not a mono symbol file
Symbol file data-000002040BE9A050 doesn't match image C:\GitHub\ProjektDeckBuilder\ProjektDeckBuilder\Library\ScriptAssemblies\Unity.VisualStudio.Editor.dll
Symbol file LoadedFromMemory is not a mono symbol file
Symbol file data-000002040E20F030 doesn't match image C:\GitHub\ProjektDeckBuilder\ProjektDeckBuilder\Library\ScriptAssemblies\UnityEngine.TestRunner.dll
Symbol file LoadedFromMemory is not a mono symbol file
Symbol file data-000002040D96BD70 doesn't match image C:\GitHub\ProjektDeckBuilder\ProjektDeckBuilder\Library\ScriptAssemblies\UnityEditor.TestRunner.dll
Symbol file LoadedFromMemory is not a mono symbol file
Symbol file data-000002040EAD3420 doesn't match image C:\GitHub\ProjektDeckBuilder\ProjektDeckBuilder\Library\ScriptAssemblies\Unity.Rider.Editor.dll
Symbol file LoadedFromMemory is not a mono symbol file
Native extension for WindowsStandalone target not found
Refreshing native plugins compatible for Editor in 0.29 ms, found 2 plugins.
Preloading 0 native plugins for Editor in 0.00 ms.
Mono: successfully reloaded assembly
- Completed reload, in  0.895 seconds
Domain Reload Profiling:
	ReloadAssembly (895ms)
		BeginReloadAssembly (86ms)
			ExecutionOrderSort (0ms)
			DisableScriptedObjects (4ms)
			BackupInstance (0ms)
			ReleaseScriptingObjects (0ms)
			CreateAndSetChildDomain (25ms)
		EndReloadAssembly (753ms)
			LoadAssemblies (73ms)
			RebuildTransferFunctionScriptingTraits (0ms)
			SetupTypeCache (250ms)
			ReleaseScriptCaches (1ms)
			RebuildScriptCaches (32ms)
			SetupLoadedEditorAssemblies (309ms)
				LogAssemblyErrors (0ms)
				InitializePlatformSupportModulesInManaged (4ms)
				SetLoadedEditorAssemblies (0ms)
				RefreshPlugins (0ms)
				BeforeProcessingInitializeOnLoad (58ms)
				ProcessInitializeOnLoadAttributes (236ms)
				ProcessInitializeOnLoadMethodAttributes (4ms)
				AfterProcessingInitializeOnLoad (6ms)
				EditorAssembliesLoaded (0ms)
			ExecutionOrderSort2 (0ms)
			AwakeInstancesAfterBackupRestoration (6ms)
Platform modules already initialized, skipping
Refreshing native plugins compatible for Editor in 0.30 ms, found 2 plugins.
Preloading 0 native plugins for Editor in 0.00 ms.
Unloading 1439 Unused Serialized files (Serialized files now loaded: 0)
System memory in use before: 70.3 MB.
System memory in use after: 70.4 MB.

Unloading 14 unused Assets to reduce memory usage. Loaded Objects now: 1912.
Total: 1.720000 ms (FindLiveObjects: 0.144600 ms CreateObjectMapping: 0.045900 ms MarkObjects: 1.482600 ms  DeleteObjects: 0.045900 ms)

AssetImportParameters requested are different than current active one (requested -> active):
  custom:framework-win-MediaFoundation: 216162199b28c13a410421893ffa2e32 -> 
  custom:video-decoder-ogg-theora: a1e56fd34408186e4bbccfd4996cb3dc -> 
  custom:container-muxer-webm: aa71ff27fc2769a1b78a27578f13a17b -> 
  custom:container-demuxer-webm: 4f35f7cbe854078d1ac9338744f61a02 -> 
  custom:container-demuxer-ogg: 62fdf1f143b41e24485cea50d1cbac27 -> 
  custom:video-encoder-webm-vp8: eb34c28f22e8b96e1ab97ce403110664 -> 
  custom:video-codec-MediaFoundation-h265: 746d11721c4dcdbdad8f713fa42b33f4 -> 
  custom:video-decoder-webm-vp8: 9c59270c3fd7afecdb556c50c9e8de78 -> 
  custom:audio-decoder-ogg-vorbis: bf7c407c2cedff20999df2af8eb42d56 -> 
  custom:audio-encoder-webm-vorbis: bf7c407c2cedff20999df2af8eb42d56 -> 
========================================================================
Received Import Request.
  Time since last request: 141.533040 seconds.
  path: Assets/Prefabs/CardInHand.prefab
  artifactKey: Guid(67eb252da9e452f44b676fa20e81e811) Importer(815301076,1909f56bfc062723c751e8b465ee728b)
Start importing Assets/Prefabs/CardInHand.prefab using Guid(67eb252da9e452f44b676fa20e81e811) Importer(815301076,1909f56bfc062723c751e8b465ee728b)  -> (artifact id: 'bed5b372468163f82ef5ff50b75e789c') in 0.072500 seconds 
  Import took 0.074750 seconds .

========================================================================
Received Import Request.
  Time since last request: 3.641359 seconds.
  path: Assets/Prefabs/CardInHand.prefab
  artifactKey: Guid(67eb252da9e452f44b676fa20e81e811) Importer(815301076,1909f56bfc062723c751e8b465ee728b)
Start importing Assets/Prefabs/CardInHand.prefab using Guid(67eb252da9e452f44b676fa20e81e811) Importer(815301076,1909f56bfc062723c751e8b465ee728b)  -> (artifact id: 'a1882453f0288934b8d8fd47bdf63306') in 0.023521 seconds 
  Import took 0.025899 seconds .

========================================================================
Received Import Request.
  Time since last request: 29.634809 seconds.
  path: Assets/Resources
  artifactKey: Guid(0537cc734396d324b819c8c07668cafc) Importer(815301076,1909f56bfc062723c751e8b465ee728b)
Start importing Assets/Resources using Guid(0537cc734396d324b819c8c07668cafc) Importer(815301076,1909f56bfc062723c751e8b465ee728b)  -> (artifact id: '6c2a76779aa9ca6c6cdd367996a65ae3') in 0.011225 seconds 
  Import took 0.015024 seconds .

========================================================================
Received Prepare
Registering precompiled user dll's ...
Registered in 0.003786 seconds.
Begin MonoManager ReloadAssembly
Symbol file data-000002040E5D7030 doesn't match image C:\GitHub\ProjektDeckBuilder\ProjektDeckBuilder\Library\ScriptAssemblies\Unity.VSCode.Editor.dll
Symbol file LoadedFromMemory is not a mono symbol file
Symbol file data-000002043107D050 doesn't match image C:\GitHub\ProjektDeckBuilder\ProjektDeckBuilder\Library\ScriptAssemblies\Unity.VisualStudio.Editor.dll
Symbol file LoadedFromMemory is not a mono symbol file
Symbol file data-000002040E20F030 doesn't match image C:\GitHub\ProjektDeckBuilder\ProjektDeckBuilder\Library\ScriptAssemblies\UnityEngine.TestRunner.dll
Symbol file LoadedFromMemory is not a mono symbol file
Symbol file data-000002040E568BD0 doesn't match image C:\GitHub\ProjektDeckBuilder\ProjektDeckBuilder\Library\ScriptAssemblies\UnityEditor.TestRunner.dll
Symbol file LoadedFromMemory is not a mono symbol file
Symbol file data-000002040E5D9B00 doesn't match image C:\GitHub\ProjektDeckBuilder\ProjektDeckBuilder\Library\ScriptAssemblies\Unity.Rider.Editor.dll
Symbol file LoadedFromMemory is not a mono symbol file
Native extension for WindowsStandalone target not found
Refreshing native plugins compatible for Editor in 0.31 ms, found 2 plugins.
Preloading 0 native plugins for Editor in 0.00 ms.
Mono: successfully reloaded assembly
- Completed reload, in  0.998 seconds
Domain Reload Profiling:
	ReloadAssembly (998ms)
		BeginReloadAssembly (89ms)
			ExecutionOrderSort (0ms)
			DisableScriptedObjects (4ms)
			BackupInstance (0ms)
			ReleaseScriptingObjects (0ms)
			CreateAndSetChildDomain (27ms)
		EndReloadAssembly (854ms)
			LoadAssemblies (74ms)
			RebuildTransferFunctionScriptingTraits (0ms)
			SetupTypeCache (282ms)
			ReleaseScriptCaches (1ms)
			RebuildScriptCaches (31ms)
			SetupLoadedEditorAssemblies (375ms)
				LogAssemblyErrors (0ms)
				InitializePlatformSupportModulesInManaged (4ms)
				SetLoadedEditorAssemblies (0ms)
				RefreshPlugins (0ms)
				BeforeProcessingInitializeOnLoad (90ms)
				ProcessInitializeOnLoadAttributes (270ms)
				ProcessInitializeOnLoadMethodAttributes (4ms)
				AfterProcessingInitializeOnLoad (6ms)
				EditorAssembliesLoaded (0ms)
			ExecutionOrderSort2 (0ms)
			AwakeInstancesAfterBackupRestoration (6ms)
Platform modules already initialized, skipping
Refreshing native plugins compatible for Editor in 0.30 ms, found 2 plugins.
Preloading 0 native plugins for Editor in 0.00 ms.
Unloading 1439 Unused Serialized files (Serialized files now loaded: 0)
System memory in use before: 70.4 MB.
System memory in use after: 70.4 MB.

Unloading 15 unused Assets to reduce memory usage. Loaded Objects now: 1915.
Total: 1.945600 ms (FindLiveObjects: 0.136600 ms CreateObjectMapping: 0.046300 ms MarkObjects: 1.710300 ms  DeleteObjects: 0.051600 ms)

AssetImportParameters requested are different than current active one (requested -> active):
  custom:framework-win-MediaFoundation: 216162199b28c13a410421893ffa2e32 -> 
  custom:video-decoder-ogg-theora: a1e56fd34408186e4bbccfd4996cb3dc -> 
  custom:container-muxer-webm: aa71ff27fc2769a1b78a27578f13a17b -> 
  custom:container-demuxer-webm: 4f35f7cbe854078d1ac9338744f61a02 -> 
  custom:container-demuxer-ogg: 62fdf1f143b41e24485cea50d1cbac27 -> 
  custom:video-encoder-webm-vp8: eb34c28f22e8b96e1ab97ce403110664 -> 
  custom:video-codec-MediaFoundation-h265: 746d11721c4dcdbdad8f713fa42b33f4 -> 
  custom:video-decoder-webm-vp8: 9c59270c3fd7afecdb556c50c9e8de78 -> 
  custom:audio-decoder-ogg-vorbis: bf7c407c2cedff20999df2af8eb42d56 -> 
  custom:audio-encoder-webm-vorbis: bf7c407c2cedff20999df2af8eb42d56 -> 
========================================================================
Received Import Request.
  Time since last request: 11.199826 seconds.
  path: Assets/Prefabs/CardInHand.prefab
  artifactKey: Guid(67eb252da9e452f44b676fa20e81e811) Importer(815301076,1909f56bfc062723c751e8b465ee728b)
Start importing Assets/Prefabs/CardInHand.prefab using Guid(67eb252da9e452f44b676fa20e81e811) Importer(815301076,1909f56bfc062723c751e8b465ee728b)  -> (artifact id: '413b43c07172f6fd255b38f152da810d') in 0.069725 seconds 
  Import took 0.072243 seconds .

========================================================================
Received Import Request.
  Time since last request: 1.113901 seconds.
  path: Assets/Prefabs/CardInHand.prefab
  artifactKey: Guid(67eb252da9e452f44b676fa20e81e811) Importer(815301076,1909f56bfc062723c751e8b465ee728b)
Start importing Assets/Prefabs/CardInHand.prefab using Guid(67eb252da9e452f44b676fa20e81e811) Importer(815301076,1909f56bfc062723c751e8b465ee728b)  -> (artifact id: '07b84bc287c075bf203626c44249ae03') in 0.026226 seconds 
  Import took 0.029014 seconds .

========================================================================
Received Import Request.
  Time since last request: 1.590086 seconds.
  path: Assets/Prefabs/CardInHand.prefab
  artifactKey: Guid(67eb252da9e452f44b676fa20e81e811) Importer(815301076,1909f56bfc062723c751e8b465ee728b)
Start importing Assets/Prefabs/CardInHand.prefab using Guid(67eb252da9e452f44b676fa20e81e811) Importer(815301076,1909f56bfc062723c751e8b465ee728b)  -> (artifact id: '260c03dff440948fa4a81e45ab306266') in 0.024888 seconds 
  Import took 0.027449 seconds .

========================================================================
Received Import Request.
  Time since last request: 2.633990 seconds.
  path: Assets/Prefabs/CardInHand.prefab
  artifactKey: Guid(67eb252da9e452f44b676fa20e81e811) Importer(815301076,1909f56bfc062723c751e8b465ee728b)
Start importing Assets/Prefabs/CardInHand.prefab using Guid(67eb252da9e452f44b676fa20e81e811) Importer(815301076,1909f56bfc062723c751e8b465ee728b)  -> (artifact id: '90421ea1a6ea55a844efc4c7e8f699d3') in 0.024883 seconds 
  Import took 0.027331 seconds .

========================================================================
Received Prepare
Registering precompiled user dll's ...
Registered in 0.004894 seconds.
Begin MonoManager ReloadAssembly
Symbol file data-0000020405F1EA00 doesn't match image C:\GitHub\ProjektDeckBuilder\ProjektDeckBuilder\Library\ScriptAssemblies\Unity.VSCode.Editor.dll
Symbol file LoadedFromMemory is not a mono symbol file
Symbol file data-000002043042C030 doesn't match image C:\GitHub\ProjektDeckBuilder\ProjektDeckBuilder\Library\ScriptAssemblies\Unity.VisualStudio.Editor.dll
Symbol file LoadedFromMemory is not a mono symbol file
Symbol file data-0000020405EC58D0 doesn't match image C:\GitHub\ProjektDeckBuilder\ProjektDeckBuilder\Library\ScriptAssemblies\UnityEngine.TestRunner.dll
Symbol file LoadedFromMemory is not a mono symbol file
Symbol file data-000002040DE14CB0 doesn't match image C:\GitHub\ProjektDeckBuilder\ProjektDeckBuilder\Library\ScriptAssemblies\UnityEditor.TestRunner.dll
Symbol file LoadedFromMemory is not a mono symbol file
Symbol file data-000002040EAD3420 doesn't match image C:\GitHub\ProjektDeckBuilder\ProjektDeckBuilder\Library\ScriptAssemblies\Unity.Rider.Editor.dll
Symbol file LoadedFromMemory is not a mono symbol file
Native extension for WindowsStandalone target not found
Refreshing native plugins compatible for Editor in 0.29 ms, found 2 plugins.
Preloading 0 native plugins for Editor in 0.00 ms.
Mono: successfully reloaded assembly
- Completed reload, in  0.893 seconds
Domain Reload Profiling:
	ReloadAssembly (894ms)
		BeginReloadAssembly (101ms)
			ExecutionOrderSort (0ms)
			DisableScriptedObjects (4ms)
			BackupInstance (0ms)
			ReleaseScriptingObjects (0ms)
			CreateAndSetChildDomain (26ms)
		EndReloadAssembly (738ms)
			LoadAssemblies (72ms)
			RebuildTransferFunctionScriptingTraits (0ms)
			SetupTypeCache (250ms)
			ReleaseScriptCaches (1ms)
			RebuildScriptCaches (30ms)
			SetupLoadedEditorAssemblies (300ms)
				LogAssemblyErrors (0ms)
				InitializePlatformSupportModulesInManaged (4ms)
				SetLoadedEditorAssemblies (0ms)
				RefreshPlugins (0ms)
				BeforeProcessingInitializeOnLoad (58ms)
				ProcessInitializeOnLoadAttributes (227ms)
				ProcessInitializeOnLoadMethodAttributes (4ms)
				AfterProcessingInitializeOnLoad (6ms)
				EditorAssembliesLoaded (0ms)
			ExecutionOrderSort2 (0ms)
			AwakeInstancesAfterBackupRestoration (6ms)
Platform modules already initialized, skipping
Refreshing native plugins compatible for Editor in 0.32 ms, found 2 plugins.
Preloading 0 native plugins for Editor in 0.00 ms.
Unloading 1439 Unused Serialized files (Serialized files now loaded: 0)
System memory in use before: 70.4 MB.
System memory in use after: 70.4 MB.

Unloading 15 unused Assets to reduce memory usage. Loaded Objects now: 1918.
Total: 1.911200 ms (FindLiveObjects: 0.150100 ms CreateObjectMapping: 0.052200 ms MarkObjects: 1.648200 ms  DeleteObjects: 0.059700 ms)

AssetImportParameters requested are different than current active one (requested -> active):
  custom:framework-win-MediaFoundation: 216162199b28c13a410421893ffa2e32 -> 
  custom:video-decoder-ogg-theora: a1e56fd34408186e4bbccfd4996cb3dc -> 
  custom:container-muxer-webm: aa71ff27fc2769a1b78a27578f13a17b -> 
  custom:container-demuxer-webm: 4f35f7cbe854078d1ac9338744f61a02 -> 
  custom:container-demuxer-ogg: 62fdf1f143b41e24485cea50d1cbac27 -> 
  custom:video-encoder-webm-vp8: eb34c28f22e8b96e1ab97ce403110664 -> 
  custom:video-codec-MediaFoundation-h265: 746d11721c4dcdbdad8f713fa42b33f4 -> 
  custom:video-decoder-webm-vp8: 9c59270c3fd7afecdb556c50c9e8de78 -> 
  custom:audio-decoder-ogg-vorbis: bf7c407c2cedff20999df2af8eb42d56 -> 
  custom:audio-encoder-webm-vorbis: bf7c407c2cedff20999df2af8eb42d56 -> 
AssetImportWorkerClient::OnTransportError - code=2 error=End of file
