Using pre-set license
Built from '2020.3/release' branch; Version is '2020.3.15f2 (6cf78cb77498) revision 7141260'; Using compiler version '192528614'; Build Type 'Release'
OS: 'Windows 10 Home; OS build 19044.1526; Version 2009; 64bit' Language: 'da' Physical Memory: 16171 MB
BatchMode: 1, IsHumanControllingUs: 0, StartBugReporterOnCrash: 0, Is64bit: 1, IsPro: 0

 COMMAND LINE ARGUMENTS:
C:\UnityProjects\2020.3.15f2\Editor\Unity.exe
-adb2
-batchMode
-noUpm
-name
AssetImportWorker0
-projectPath
C:/GitHub/ProjektDeckBuilder/ProjektDeckBuilder
-logFile
Logs/AssetImportWorker0.log
-srvPort
61858
Successfully changed project path to: C:/GitHub/ProjektDeckBuilder/ProjektDeckBuilder
C:/GitHub/ProjektDeckBuilder/ProjektDeckBuilder
Using Asset Import Pipeline V2.
Refreshing native plugins compatible for Editor in 25.87 ms, found 2 plugins.
Preloading 0 native plugins for Editor in 0.00 ms.
Initialize engine version: 2020.3.15f2 (6cf78cb77498)
[Subsystems] Discovering subsystems at path C:/UnityProjects/2020.3.15f2/Editor/Data/Resources/UnitySubsystems
[Subsystems] Discovering subsystems at path C:/GitHub/ProjektDeckBuilder/ProjektDeckBuilder/Assets
GfxDevice: creating device client; threaded=0
Direct3D:
    Version:  Direct3D 11.0 [level 11.1]
    Renderer: NVIDIA GeForce GTX 1650 Ti (ID=0x1f95)
    Vendor:   
    VRAM:     3962 MB
    Driver:   30.0.15.1179
Initialize mono
Mono path[0] = 'C:/UnityProjects/2020.3.15f2/Editor/Data/Managed'
Mono path[1] = 'C:/UnityProjects/2020.3.15f2/Editor/Data/MonoBleedingEdge/lib/mono/unityjit'
Mono config path = 'C:/UnityProjects/2020.3.15f2/Editor/Data/MonoBleedingEdge/etc'
Using monoOptions --debugger-agent=transport=dt_socket,embedding=1,server=y,suspend=n,address=127.0.0.1:56116
Begin MonoManager ReloadAssembly
Registering precompiled unity dll's ...
Register platform support module: C:/UnityProjects/2020.3.15f2/Editor/Data/PlaybackEngines/WindowsStandaloneSupport/UnityEditor.WindowsStandalone.Extensions.dll
Registered in 0.001597 seconds.
Native extension for WindowsStandalone target not found
Refreshing native plugins compatible for Editor in 27.18 ms, found 2 plugins.
Preloading 0 native plugins for Editor in 0.00 ms.
Mono: successfully reloaded assembly
- Completed reload, in  0.941 seconds
Domain Reload Profiling:
	ReloadAssembly (941ms)
		BeginReloadAssembly (46ms)
			ExecutionOrderSort (0ms)
			DisableScriptedObjects (0ms)
			BackupInstance (0ms)
			ReleaseScriptingObjects (0ms)
			CreateAndSetChildDomain (1ms)
		EndReloadAssembly (365ms)
			LoadAssemblies (43ms)
			RebuildTransferFunctionScriptingTraits (0ms)
			SetupTypeCache (133ms)
			ReleaseScriptCaches (0ms)
			RebuildScriptCaches (27ms)
			SetupLoadedEditorAssemblies (142ms)
				LogAssemblyErrors (0ms)
				InitializePlatformSupportModulesInManaged (3ms)
				SetLoadedEditorAssemblies (0ms)
				RefreshPlugins (27ms)
				BeforeProcessingInitializeOnLoad (14ms)
				ProcessInitializeOnLoadAttributes (73ms)
				ProcessInitializeOnLoadMethodAttributes (24ms)
				AfterProcessingInitializeOnLoad (0ms)
				EditorAssembliesLoaded (0ms)
			ExecutionOrderSort2 (0ms)
			AwakeInstancesAfterBackupRestoration (0ms)
Platform modules already initialized, skipping
Registering precompiled user dll's ...
Registered in 0.003183 seconds.
Begin MonoManager ReloadAssembly
Native extension for WindowsStandalone target not found
Refreshing native plugins compatible for Editor in 0.31 ms, found 2 plugins.
Preloading 0 native plugins for Editor in 0.00 ms.
Mono: successfully reloaded assembly
- Completed reload, in  0.994 seconds
Domain Reload Profiling:
	ReloadAssembly (994ms)
		BeginReloadAssembly (127ms)
			ExecutionOrderSort (0ms)
			DisableScriptedObjects (4ms)
			BackupInstance (0ms)
			ReleaseScriptingObjects (0ms)
			CreateAndSetChildDomain (16ms)
		EndReloadAssembly (801ms)
			LoadAssemblies (72ms)
			RebuildTransferFunctionScriptingTraits (0ms)
			SetupTypeCache (245ms)
			ReleaseScriptCaches (0ms)
			RebuildScriptCaches (38ms)
			SetupLoadedEditorAssemblies (367ms)
				LogAssemblyErrors (0ms)
				InitializePlatformSupportModulesInManaged (4ms)
				SetLoadedEditorAssemblies (0ms)
				RefreshPlugins (0ms)
				BeforeProcessingInitializeOnLoad (88ms)
				ProcessInitializeOnLoadAttributes (264ms)
				ProcessInitializeOnLoadMethodAttributes (4ms)
				AfterProcessingInitializeOnLoad (6ms)
				EditorAssembliesLoaded (0ms)
			ExecutionOrderSort2 (0ms)
			AwakeInstancesAfterBackupRestoration (5ms)
Platform modules already initialized, skipping
========================================================================
Worker process is ready to serve import requests
Launched and connected shader compiler UnityShaderCompiler.exe after 0.06 seconds
Refreshing native plugins compatible for Editor in 0.59 ms, found 2 plugins.
Preloading 0 native plugins for Editor in 0.00 ms.
Unloading 1449 Unused Serialized files (Serialized files now loaded: 0)
System memory in use before: 68.1 MB.
System memory in use after: 68.2 MB.

Unloading 19 unused Assets to reduce memory usage. Loaded Objects now: 1882.
Total: 2.445000 ms (FindLiveObjects: 0.151300 ms CreateObjectMapping: 0.045500 ms MarkObjects: 2.137600 ms  DeleteObjects: 0.109200 ms)

AssetImportParameters requested are different than current active one (requested -> active):
  custom:framework-win-MediaFoundation: 216162199b28c13a410421893ffa2e32 -> 
  custom:video-decoder-ogg-theora: a1e56fd34408186e4bbccfd4996cb3dc -> 
  custom:container-muxer-webm: aa71ff27fc2769a1b78a27578f13a17b -> 
  custom:container-demuxer-webm: 4f35f7cbe854078d1ac9338744f61a02 -> 
  custom:container-demuxer-ogg: 62fdf1f143b41e24485cea50d1cbac27 -> 
  custom:video-encoder-webm-vp8: eb34c28f22e8b96e1ab97ce403110664 -> 
  custom:video-codec-MediaFoundation-h265: 746d11721c4dcdbdad8f713fa42b33f4 -> 
  custom:video-decoder-webm-vp8: 9c59270c3fd7afecdb556c50c9e8de78 -> 
  custom:audio-decoder-ogg-vorbis: bf7c407c2cedff20999df2af8eb42d56 -> 
  custom:audio-encoder-webm-vorbis: bf7c407c2cedff20999df2af8eb42d56 -> 
========================================================================
Received Import Request.
  path: Assets/Scenes
  artifactKey: Guid(c1918a9d9dbb84a4b8100159cb46d908) Importer(815301076,1909f56bfc062723c751e8b465ee728b)
Start importing Assets/Scenes using Guid(c1918a9d9dbb84a4b8100159cb46d908) Importer(815301076,1909f56bfc062723c751e8b465ee728b)  -> (artifact id: '545a173972758298ffd1300223bcc0d6') in 0.010604 seconds 
  Import took 0.013637 seconds .

========================================================================
Received Import Request.
  Time since last request: 0.000238 seconds.
  path: Assets/Scenes/SampleScene.unity
  artifactKey: Guid(2cda990e2423bbf4892e6590ba056729) Importer(815301076,1909f56bfc062723c751e8b465ee728b)
Start importing Assets/Scenes/SampleScene.unity using Guid(2cda990e2423bbf4892e6590ba056729) Importer(815301076,1909f56bfc062723c751e8b465ee728b)  -> (artifact id: '96e7c69a0cbe783b9b94fb8cdeca8e1d') in 0.021215 seconds 
  Import took 0.025293 seconds .

========================================================================
Received Import Request.
  Time since last request: 86.330741 seconds.
  path: Assets/BackGrounds
  artifactKey: Guid(3ee28af09e0d2f8499126d6ae352eb1c) Importer(815301076,1909f56bfc062723c751e8b465ee728b)
Start importing Assets/BackGrounds using Guid(3ee28af09e0d2f8499126d6ae352eb1c) Importer(815301076,1909f56bfc062723c751e8b465ee728b)  -> (artifact id: '51ec4f01380b01fbf03716332be974bf') in 0.006437 seconds 
  Import took 0.008931 seconds .

========================================================================
Received Import Request.
  Time since last request: 0.004586 seconds.
  path: Assets/BackGrounds
  artifactKey: Guid(3ee28af09e0d2f8499126d6ae352eb1c) Importer(815301076,1909f56bfc062723c751e8b465ee728b)
Start importing Assets/BackGrounds using Guid(3ee28af09e0d2f8499126d6ae352eb1c) Importer(815301076,1909f56bfc062723c751e8b465ee728b)  -> (artifact id: '51ec4f01380b01fbf03716332be974bf') in 0.003756 seconds 
  Import took 0.006224 seconds .

========================================================================
Received Import Request.
  Time since last request: 0.020447 seconds.
  path: Assets/BackGrounds/8lsmuntapggntbihq0i5pkpn3q-cc92b9e3f2ab09636a499fc6bcd5ae34.png
  artifactKey: Guid(189e6eb9a2ded9247a3e4ba6702cba96) Importer(815301076,1909f56bfc062723c751e8b465ee728b)
Start importing Assets/BackGrounds/8lsmuntapggntbihq0i5pkpn3q-cc92b9e3f2ab09636a499fc6bcd5ae34.png using Guid(189e6eb9a2ded9247a3e4ba6702cba96) Importer(815301076,1909f56bfc062723c751e8b465ee728b)  -> (artifact id: '73100fee4c169d8b2053b2bd89988f08') in 0.120934 seconds 
  Import took 0.123902 seconds .

========================================================================
Received Import Request.
  Time since last request: 0.000154 seconds.
  path: Assets/BackGrounds/f1c895o5us93u6giahdavfkgi3-2fb332c8da906348ce825769db7307f3.png
  artifactKey: Guid(2fd0b67245c59c344840960813281044) Importer(815301076,1909f56bfc062723c751e8b465ee728b)
Start importing Assets/BackGrounds/f1c895o5us93u6giahdavfkgi3-2fb332c8da906348ce825769db7307f3.png using Guid(2fd0b67245c59c344840960813281044) Importer(815301076,1909f56bfc062723c751e8b465ee728b)  -> (artifact id: '09b0b8f36fc412a510cf07c172e53913') in 0.021786 seconds 
  Import took 0.024412 seconds .

========================================================================
Received Import Request.
  Time since last request: 0.000176 seconds.
  path: Assets/BackGrounds/oqsajqh180mqun3s32dfafvdp5-666fe8f7b65923e7ef1f089260e724bc.png
  artifactKey: Guid(5f46c559c5109a14b825d4b07673d6dd) Importer(815301076,1909f56bfc062723c751e8b465ee728b)
Start importing Assets/BackGrounds/oqsajqh180mqun3s32dfafvdp5-666fe8f7b65923e7ef1f089260e724bc.png using Guid(5f46c559c5109a14b825d4b07673d6dd) Importer(815301076,1909f56bfc062723c751e8b465ee728b)  -> (artifact id: 'fa3ddba8de8f1bd708d63b06efe29f99') in 0.024554 seconds 
  Import took 0.026844 seconds .

========================================================================
Received Import Request.
  Time since last request: 0.000188 seconds.
  path: Assets/BackGrounds/qdmsr5r2q95cflj96aj4cqiuer-3a9a5fd42c271fe2e0382ae5866fc2e0.png
  artifactKey: Guid(b816b2b0d5c4d2d4c9b7a37aa677d61a) Importer(815301076,1909f56bfc062723c751e8b465ee728b)
Start importing Assets/BackGrounds/qdmsr5r2q95cflj96aj4cqiuer-3a9a5fd42c271fe2e0382ae5866fc2e0.png using Guid(b816b2b0d5c4d2d4c9b7a37aa677d61a) Importer(815301076,1909f56bfc062723c751e8b465ee728b)  -> (artifact id: 'a2fadb4ddb485b5995ef2e264ed653bb') in 0.018845 seconds 
  Import took 0.021353 seconds .

========================================================================
Received Import Request.
  Time since last request: 0.000229 seconds.
  path: Assets/BackGrounds/vg9af4lgvsbc6gp0b3kkeod1rl-357e521fced408e08c134b3f77302b6b.png
  artifactKey: Guid(a5933bf15c777444fa292c6fcbd09b94) Importer(815301076,1909f56bfc062723c751e8b465ee728b)
Start importing Assets/BackGrounds/vg9af4lgvsbc6gp0b3kkeod1rl-357e521fced408e08c134b3f77302b6b.png using Guid(a5933bf15c777444fa292c6fcbd09b94) Importer(815301076,1909f56bfc062723c751e8b465ee728b)  -> (artifact id: 'e5123b40d1ddb1a7223abebeefb9aa19') in 0.023552 seconds 
  Import took 0.026614 seconds .

========================================================================
Received Import Request.
  Time since last request: 0.000174 seconds.
  path: Assets/BackGrounds/n25n7k31tjsr2av3op40kjlv7j-0d123f9b70deee02168a599bee0dd4d5.png
  artifactKey: Guid(d2df7e31b56281f419078234941e2412) Importer(815301076,1909f56bfc062723c751e8b465ee728b)
Start importing Assets/BackGrounds/n25n7k31tjsr2av3op40kjlv7j-0d123f9b70deee02168a599bee0dd4d5.png using Guid(d2df7e31b56281f419078234941e2412) Importer(815301076,1909f56bfc062723c751e8b465ee728b)  -> (artifact id: '66708b83a5d370ff09552e482cbce5c6') in 0.027117 seconds 
  Import took 0.030057 seconds .

========================================================================
Received Import Request.
  Time since last request: 0.001762 seconds.
  path: Assets/BackGrounds/n25n7k31tjsr2av3op40kjlv7j-0d123f9b70deee02168a599bee0dd4d5.png
  artifactKey: Guid(d2df7e31b56281f419078234941e2412) Importer(815301076,1909f56bfc062723c751e8b465ee728b)
Start importing Assets/BackGrounds/n25n7k31tjsr2av3op40kjlv7j-0d123f9b70deee02168a599bee0dd4d5.png using Guid(d2df7e31b56281f419078234941e2412) Importer(815301076,1909f56bfc062723c751e8b465ee728b)  -> (artifact id: '66708b83a5d370ff09552e482cbce5c6') in 0.021180 seconds 
  Import took 0.024440 seconds .

========================================================================
Received Import Request.
  Time since last request: 18.316060 seconds.
  path: Assets/Cards
  artifactKey: Guid(db1ac339620604245b402ff648f74bb3) Importer(815301076,1909f56bfc062723c751e8b465ee728b)
Start importing Assets/Cards using Guid(db1ac339620604245b402ff648f74bb3) Importer(815301076,1909f56bfc062723c751e8b465ee728b)  -> (artifact id: 'c31b0aba5de90e66ca47921b6dbe665b') in 0.007408 seconds 
  Import took 0.010046 seconds .

========================================================================
Received Import Request.
  Time since last request: 0.036539 seconds.
  path: Assets/Cards/Miner.asset
  artifactKey: Guid(4fa453230d39f1e43a4e5db14c7e0817) Importer(815301076,1909f56bfc062723c751e8b465ee728b)
Start importing Assets/Cards/Miner.asset using Guid(4fa453230d39f1e43a4e5db14c7e0817) Importer(815301076,1909f56bfc062723c751e8b465ee728b)  -> (artifact id: '858d0e4d335f6684b5ba5a979b7daf99') in 0.010024 seconds 
  Import took 0.012186 seconds .

========================================================================
Received Import Request.
  Time since last request: 2.241429 seconds.
  path: Assets/CardsTemplate
  artifactKey: Guid(9da2ccb87fbd4aa4593318308d95a76c) Importer(815301076,1909f56bfc062723c751e8b465ee728b)
Start importing Assets/CardsTemplate using Guid(9da2ccb87fbd4aa4593318308d95a76c) Importer(815301076,1909f56bfc062723c751e8b465ee728b)  -> (artifact id: '67d4bda63a99f64e9a1e08e447f45201') in 0.014389 seconds 
  Import took 0.018865 seconds .

========================================================================
Received Import Request.
  Time since last request: 155.326380 seconds.
  path: Assets/CardsTemplate/CardTemplate.prefab
  artifactKey: Guid(51ec59a2670190e48979c98c6bd7ebc6) Importer(815301076,1909f56bfc062723c751e8b465ee728b)
Start importing Assets/CardsTemplate/CardTemplate.prefab using Guid(51ec59a2670190e48979c98c6bd7ebc6) Importer(815301076,1909f56bfc062723c751e8b465ee728b)  -> (artifact id: 'e4b77643e9357be192987e3ee762bcaa') in 0.110714 seconds 
  Import took 0.113403 seconds .

========================================================================
Received Prepare
Registering precompiled user dll's ...
Registered in 0.003053 seconds.
Begin MonoManager ReloadAssembly
Native extension for WindowsStandalone target not found
Refreshing native plugins compatible for Editor in 0.30 ms, found 2 plugins.
Preloading 0 native plugins for Editor in 0.00 ms.
Mono: successfully reloaded assembly
- Completed reload, in  0.897 seconds
Domain Reload Profiling:
	ReloadAssembly (898ms)
		BeginReloadAssembly (99ms)
			ExecutionOrderSort (0ms)
			DisableScriptedObjects (5ms)
			BackupInstance (0ms)
			ReleaseScriptingObjects (0ms)
			CreateAndSetChildDomain (27ms)
		EndReloadAssembly (745ms)
			LoadAssemblies (68ms)
			RebuildTransferFunctionScriptingTraits (0ms)
			SetupTypeCache (243ms)
			ReleaseScriptCaches (1ms)
			RebuildScriptCaches (33ms)
			SetupLoadedEditorAssemblies (313ms)
				LogAssemblyErrors (0ms)
				InitializePlatformSupportModulesInManaged (4ms)
				SetLoadedEditorAssemblies (0ms)
				RefreshPlugins (0ms)
				BeforeProcessingInitializeOnLoad (69ms)
				ProcessInitializeOnLoadAttributes (229ms)
				ProcessInitializeOnLoadMethodAttributes (4ms)
				AfterProcessingInitializeOnLoad (5ms)
				EditorAssembliesLoaded (0ms)
			ExecutionOrderSort2 (0ms)
			AwakeInstancesAfterBackupRestoration (5ms)
Platform modules already initialized, skipping
Refreshing native plugins compatible for Editor in 0.30 ms, found 2 plugins.
Preloading 0 native plugins for Editor in 0.00 ms.
Unloading 1431 Unused Serialized files (Serialized files now loaded: 0)
System memory in use before: 69.9 MB.
System memory in use after: 70.0 MB.

Unloading 16 unused Assets to reduce memory usage. Loaded Objects now: 1895.
Total: 2.198700 ms (FindLiveObjects: 0.142500 ms CreateObjectMapping: 0.046000 ms MarkObjects: 1.919900 ms  DeleteObjects: 0.089100 ms)

AssetImportParameters requested are different than current active one (requested -> active):
  custom:framework-win-MediaFoundation: 216162199b28c13a410421893ffa2e32 -> 
  custom:video-decoder-ogg-theora: a1e56fd34408186e4bbccfd4996cb3dc -> 
  custom:container-muxer-webm: aa71ff27fc2769a1b78a27578f13a17b -> 
  custom:container-demuxer-webm: 4f35f7cbe854078d1ac9338744f61a02 -> 
  custom:container-demuxer-ogg: 62fdf1f143b41e24485cea50d1cbac27 -> 
  custom:video-encoder-webm-vp8: eb34c28f22e8b96e1ab97ce403110664 -> 
  custom:video-codec-MediaFoundation-h265: 746d11721c4dcdbdad8f713fa42b33f4 -> 
  custom:video-decoder-webm-vp8: 9c59270c3fd7afecdb556c50c9e8de78 -> 
  custom:audio-decoder-ogg-vorbis: bf7c407c2cedff20999df2af8eb42d56 -> 
  custom:audio-encoder-webm-vorbis: bf7c407c2cedff20999df2af8eb42d56 -> 
AssetImportWorkerClient::OnTransportError - code=2 error=End of file
